<?xml version="1.0" encoding="UTF-8"?>
<!-- Generated by org.testng.reporters.JUnitReportReporter -->
<testsuite hostname="DESKTOP-4LQORMC" failures="0" tests="1" name="io.testscripts.HomeDepot_Test" time="0.094" errors="0" timestamp="2020-08-19T12:57:51 EDT" skipped="0">
  <testcase classname="io.testscripts.HomeDepot_Test" name="verifyHD_Page" time="0.094"/>
</testsuite> <!-- io.testscripts.HomeDepot_Test -->
