<?xml version="1.0" encoding="UTF-8"?>
<!-- Generated by org.testng.reporters.JUnitReportReporter -->
<testsuite skipped="0" hostname="DESKTOP-4LQORMC" name="io.testscripts.HD_Search_Test" tests="1" failures="0" timestamp="2020-07-18T15:33:19 EDT" time="11.581" errors="0">
  <testcase name="productSearch" time="11.581" classname="io.testscripts.HD_Search_Test"/>
</testsuite> <!-- io.testscripts.HD_Search_Test -->
