<?xml version="1.0" encoding="UTF-8"?>
<!-- Generated by org.testng.reporters.JUnitReportReporter -->
<testsuite skipped="0" hostname="DESKTOP-4LQORMC" name="io.testscripts.HomeDepot_Test" tests="1" failures="0" timestamp="2020-07-18T20:33:53 EDT" time="0.172" errors="0">
  <testcase name="verifyHD_Page" time="0.172" classname="io.testscripts.HomeDepot_Test"/>
</testsuite> <!-- io.testscripts.HomeDepot_Test -->
