<?xml version="1.0" encoding="UTF-8"?>
<!-- Generated by org.testng.reporters.JUnitReportReporter -->
<testsuite skipped="0" hostname="DESKTOP-4LQORMC" name="io.testscripts.HD_Search_Test" tests="1" failures="0" timestamp="2020-07-18T20:33:53 EDT" time="7.654" errors="0">
  <testcase name="productSearch" time="7.654" classname="io.testscripts.HD_Search_Test"/>
</testsuite> <!-- io.testscripts.HD_Search_Test -->
